<?xml version="1.0" encoding="UTF-8"?>
<testsuite xmlns:xsi="http://www.w3.org/2001/XMLSchema-instance" xsi:noNamespaceSchemaLocation="https://maven.apache.org/surefire/maven-surefire-plugin/xsd/surefire-test-report-3.0.xsd" version="3.0" name="cyclos.Keyword2" time="18.291" tests="1" errors="0" skipped="0" failures="0">
  <properties>
[...]
</properties>
  <testcase name="testKeywordActions" classname="cyclos.Keyword2" time="18.027">
    <system-out><![CDATA[TC002
ropen
Launch Successful
TC002
rlogin
Login Successful
TC002
rpay
payment successful
TC002
rclose
]]></system-out>
    <system-err><![CDATA[SLF4J: Failed to load class "org.slf4j.impl.StaticLoggerBinder".
SLF4J: Defaulting to no-operation (NOP) logger implementation
SLF4J: See http://www.slf4j.org/codes.html#StaticLoggerBinder for further details.
1712468321301	geckodriver	INFO	Listening on 127.0.0.1:60768
1712468321506	mozrunner::runner	INFO	Running command: "C:\\Program Files (x86)\\Mozilla Firefox\\firefox.exe" "--marionette" "--remote-debugging-port" "59867" "-- ... ow-origins" "http://localhost:59867/" "-no-remote" "-profile" "C:\\Users\\sathe\\AppData\\Local\\Temp\\rust_mozprofilehP4NVu"
console.warn: services.settings: Ignoring preference override of remote settings server
console.warn: services.settings: Allow by setting MOZ_REMOTE_SETTINGS_DEVTOOLS=1 in the environment
1712468321789	Marionette	INFO	Marionette enabled
Dynamically enable window occlusion 0
1712468321864	Marionette	INFO	Listening on port 61626
WebDriver BiDi listening on ws://127.0.0.1:59867
Read port: 61626
1712468322009	RemoteAgent	WARN	TLS certificate errors will be ignored for this session
DevTools listening on ws://127.0.0.1:59867/devtools/browser/dfe7e574-5d78-4731-97a4-040a971a9a88
Apr 07, 2024 11:08:43 AM org.openqa.selenium.remote.ProtocolHandshake createSession
INFO: Detected upstream dialect: W3C
console.warn: LoginRecipes: "Falling back to a synchronous message for: https://demo.cyclos.org."
1712468335719	Marionette	INFO	Stopped listening on port 61626
Dynamically enable window occlusion 1
]]></system-err>
  </testcase>
</testsuite>