<?xml version="1.0" encoding="UTF-8"?>
<testng-results ignored="0" total="1" passed="1" failed="0" skipped="0">
  <reporter-output>
  </reporter-output>
  <suite started-at="2024-04-07T11:08:39 IST" name="Surefire suite" finished-at="2024-04-07T11:08:56 IST" duration-ms="17820">
    <groups>
    </groups>
    <test started-at="2024-04-07T11:08:39 IST" name="Surefire test" finished-at="2024-04-07T11:08:56 IST" duration-ms="17820">
      <class name="cyclos.Keyword2">
        <test-method signature="testKeywordActions()[pri:0, instance:cyclos.Keyword2@6ab7a896]" started-at="2024-04-07T11:08:39 IST" name="testKeywordActions" finished-at="2024-04-07T11:08:56 IST" duration-ms="17801" status="PASS">
          <reporter-output>
          </reporter-output>
        </test-method> <!-- testKeywordActions -->
      </class> <!-- cyclos.Keyword2 -->
    </test> <!-- Surefire test -->
  </suite> <!-- Surefire suite -->
</testng-results>
